<?xml version="1.0" encoding="UTF-8"?>
<testsuite xmlns:xsi="http://www.w3.org/2001/XMLSchema-instance" xsi:noNamespaceSchemaLocation="https://maven.apache.org/surefire/maven-surefire-plugin/xsd/surefire-test-report-3.0.xsd" version="3.0" name="com.example.forecast.service.ForeCastServiceImplTest" time="0.076" tests="3" errors="3" skipped="0" failures="0">
  <properties>
[...]
</properties>
  <testcase name="testGetCoordinates_LocationNotFound" classname="com.example.forecast.service.ForeCastServiceImplTest" time="0.068">
    <error message="Cannot invoke &quot;Object.getClass()&quot; because &quot;object&quot; is null" type="java.lang.NullPointerException"><![CDATA[java.lang.NullPointerException: Cannot invoke "Object.getClass()" because "object" is null
	at org.mockito.Mockito.spy(Mockito.java:2189)
	at com.example.forecast.service.ForeCastServiceImplTest.testGetCoordinates_LocationNotFound(ForeCastServiceImplTest.java:96)
	at java.base/java.lang.reflect.Method.invoke(Method.java:580)
	at java.base/java.util.ArrayList.forEach(ArrayList.java:1596)
	at java.base/java.util.ArrayList.forEach(ArrayList.java:1596)
]]></error>
  </testcase>
  <testcase name="testGetWeatherForecast_ValidRequest" classname="com.example.forecast.service.ForeCastServiceImplTest" time="0.002">
    <error message="Cannot invoke &quot;Object.getClass()&quot; because &quot;object&quot; is null" type="java.lang.NullPointerException"><![CDATA[java.lang.NullPointerException: Cannot invoke "Object.getClass()" because "object" is null
	at org.mockito.Mockito.spy(Mockito.java:2189)
	at com.example.forecast.service.ForeCastServiceImplTest.testGetWeatherForecast_ValidRequest(ForeCastServiceImplTest.java:59)
	at java.base/java.lang.reflect.Method.invoke(Method.java:580)
	at java.base/java.util.ArrayList.forEach(ArrayList.java:1596)
	at java.base/java.util.ArrayList.forEach(ArrayList.java:1596)
]]></error>
  </testcase>
  <testcase name="testGetWeatherForecast_InvalidUnits" classname="com.example.forecast.service.ForeCastServiceImplTest" time="0.001">
    <error message="Cannot invoke &quot;com.example.forecast.service.impl.ForecastServiceImpl.getWeatherForecast(String, String, String, String)&quot; because &quot;this.forecastService&quot; is null" type="java.lang.NullPointerException"><![CDATA[java.lang.NullPointerException: Cannot invoke "com.example.forecast.service.impl.ForecastServiceImpl.getWeatherForecast(String, String, String, String)" because "this.forecastService" is null
	at com.example.forecast.service.ForeCastServiceImplTest.testGetWeatherForecast_InvalidUnits(ForeCastServiceImplTest.java:81)
	at java.base/java.lang.reflect.Method.invoke(Method.java:580)
	at java.base/java.util.ArrayList.forEach(ArrayList.java:1596)
	at java.base/java.util.ArrayList.forEach(ArrayList.java:1596)
]]></error>
  </testcase>
</testsuite>